<?xml version="1.0" encoding="UTF-8"?>
<!-- Generated by org.testng.reporters.JUnitXMLReporter -->
<testsuite ignored="0" hostname="cexs-MacBook-Pro.local" failures="0" tests="3" name="Test" time="21.771" errors="0" timestamp="2023-10-20T14:17:53 WEST">
  <testcase classname="com.qa.tests.LoginTests" name="invalidPassword" time="5.113"/>
  <testcase classname="com.qa.tests.LoginTests" name="invalidUserName" time="4.207"/>
  <testcase classname="com.qa.tests.LoginTests" name="successfulLogin" time="5.291"/>
</testsuite> <!-- Test -->
