<?xml version="1.0" encoding="UTF-8"?>
<!-- Generated by org.testng.reporters.JUnitXMLReporter -->
<testsuite ignored="0" hostname="cexs-MacBook-Pro.local" failures="0" tests="3" name="Test" time="20.478" errors="0" timestamp="2023-10-20T16:04:42 WEST">
  <testcase classname="com.qa.tests.LoginTests" name="invalidPassword" time="5.111"/>
  <testcase classname="com.qa.tests.LoginTests" name="invalidUserName" time="3.143"/>
  <testcase classname="com.qa.tests.LoginTests" name="successfulLogin" time="4.249"/>
</testsuite> <!-- Test -->
