<?xml version="1.0" encoding="UTF-8"?>
<testng-results ignored="0" total="3" passed="3" failed="0" skipped="0">
  <reporter-output>
  </reporter-output>
  <suite started-at="2023-10-20T16:04:21 WEST" name="Suite" finished-at="2023-10-20T16:04:41 WEST" duration-ms="20478">
    <groups>
    </groups>
    <test started-at="2023-10-20T16:04:21 WEST" name="Test" finished-at="2023-10-20T16:04:41 WEST" duration-ms="20478">
      <class name="com.qa.tests.LoginTests">
        <test-method is-config="true" signature="beforeTest(java.lang.String,java.lang.String,java.lang.String)[pri:0, instance:com.qa.tests.LoginTests@1aafa419]" started-at="2023-10-20T16:04:21 WEST" name="beforeTest" finished-at="2023-10-20T16:04:28 WEST" duration-ms="7353" status="PASS">
          <params>
            <param index="0">
              <value>
                <![CDATA[Android]]>
              </value>
            </param>
            <param index="1">
              <value>
                <![CDATA[13.0]]>
              </value>
            </param>
            <param index="2">
              <value>
                <![CDATA[R3CR30Q97HV]]>
              </value>
            </param>
          </params>
          <reporter-output>
          </reporter-output>
        </test-method> <!-- beforeTest -->
        <test-method is-config="true" signature="beforeClass()[pri:0, instance:com.qa.tests.LoginTests@1aafa419]" started-at="2023-10-20T16:04:28 WEST" name="beforeClass" finished-at="2023-10-20T16:04:28 WEST" duration-ms="3" status="PASS">
          <reporter-output>
          </reporter-output>
        </test-method> <!-- beforeClass -->
        <test-method is-config="true" signature="beforeMethod(java.lang.reflect.Method)[pri:0, instance:com.qa.tests.LoginTests@1aafa419]" started-at="2023-10-20T16:04:28 WEST" name="beforeMethod" finished-at="2023-10-20T16:04:29 WEST" duration-ms="391" status="PASS">
          <params>
            <param index="0">
              <value>
                <![CDATA[public void com.qa.tests.LoginTests.invalidPassword()]]>
              </value>
            </param>
          </params>
          <reporter-output>
          </reporter-output>
        </test-method> <!-- beforeMethod -->
        <test-method signature="invalidPassword()[pri:0, instance:com.qa.tests.LoginTests@1aafa419]" started-at="2023-10-20T16:04:29 WEST" name="invalidPassword" finished-at="2023-10-20T16:04:34 WEST" duration-ms="5111" status="PASS">
          <reporter-output>
          </reporter-output>
        </test-method> <!-- invalidPassword -->
        <test-method is-config="true" signature="afterMethod()[pri:0, instance:com.qa.tests.LoginTests@1aafa419]" started-at="2023-10-20T16:04:34 WEST" name="afterMethod" finished-at="2023-10-20T16:04:34 WEST" duration-ms="0" status="PASS">
          <reporter-output>
          </reporter-output>
        </test-method> <!-- afterMethod -->
        <test-method is-config="true" signature="beforeMethod(java.lang.reflect.Method)[pri:0, instance:com.qa.tests.LoginTests@1aafa419]" started-at="2023-10-20T16:04:34 WEST" name="beforeMethod" finished-at="2023-10-20T16:04:34 WEST" duration-ms="114" status="PASS">
          <params>
            <param index="0">
              <value>
                <![CDATA[public void com.qa.tests.LoginTests.invalidUserName()]]>
              </value>
            </param>
          </params>
          <reporter-output>
          </reporter-output>
        </test-method> <!-- beforeMethod -->
        <test-method signature="invalidUserName()[pri:0, instance:com.qa.tests.LoginTests@1aafa419]" started-at="2023-10-20T16:04:34 WEST" name="invalidUserName" finished-at="2023-10-20T16:04:37 WEST" duration-ms="3143" status="PASS">
          <reporter-output>
          </reporter-output>
        </test-method> <!-- invalidUserName -->
        <test-method is-config="true" signature="afterMethod()[pri:0, instance:com.qa.tests.LoginTests@1aafa419]" started-at="2023-10-20T16:04:37 WEST" name="afterMethod" finished-at="2023-10-20T16:04:37 WEST" duration-ms="0" status="PASS">
          <reporter-output>
          </reporter-output>
        </test-method> <!-- afterMethod -->
        <test-method is-config="true" signature="beforeMethod(java.lang.reflect.Method)[pri:0, instance:com.qa.tests.LoginTests@1aafa419]" started-at="2023-10-20T16:04:37 WEST" name="beforeMethod" finished-at="2023-10-20T16:04:37 WEST" duration-ms="87" status="PASS">
          <params>
            <param index="0">
              <value>
                <![CDATA[public void com.qa.tests.LoginTests.successfulLogin()]]>
              </value>
            </param>
          </params>
          <reporter-output>
          </reporter-output>
        </test-method> <!-- beforeMethod -->
        <test-method signature="successfulLogin()[pri:0, instance:com.qa.tests.LoginTests@1aafa419]" started-at="2023-10-20T16:04:37 WEST" name="successfulLogin" finished-at="2023-10-20T16:04:41 WEST" duration-ms="4249" status="PASS">
          <reporter-output>
          </reporter-output>
        </test-method> <!-- successfulLogin -->
        <test-method is-config="true" signature="afterMethod()[pri:0, instance:com.qa.tests.LoginTests@1aafa419]" started-at="2023-10-20T16:04:41 WEST" name="afterMethod" finished-at="2023-10-20T16:04:41 WEST" duration-ms="0" status="PASS">
          <reporter-output>
          </reporter-output>
        </test-method> <!-- afterMethod -->
        <test-method is-config="true" signature="afterClass()[pri:0, instance:com.qa.tests.LoginTests@1aafa419]" started-at="2023-10-20T16:04:41 WEST" name="afterClass" finished-at="2023-10-20T16:04:41 WEST" duration-ms="0" status="PASS">
          <reporter-output>
          </reporter-output>
        </test-method> <!-- afterClass -->
        <test-method is-config="true" signature="afterTest()[pri:0, instance:com.qa.tests.LoginTests@1aafa419]" started-at="2023-10-20T16:04:41 WEST" name="afterTest" finished-at="2023-10-20T16:04:41 WEST" duration-ms="0" status="PASS">
          <reporter-output>
          </reporter-output>
        </test-method> <!-- afterTest -->
      </class> <!-- com.qa.tests.LoginTests -->
    </test> <!-- Test -->
  </suite> <!-- Suite -->
</testng-results>
